<?xml version="1.0" encoding="UTF-8"?>
<!-- Generated by org.testng.reporters.JUnitXMLReporter -->
<testsuite ignored="0" hostname="khosruzs-MBP.lan" failures="1" tests="4" name="Test" time="22.801" errors="0" timestamp="2021-02-01T21:46:44 EST">
  <testcase classname="com.mco.tests.LoginPageTest" name="loginPageTitleTest" time="0.052">
    <failure type="java.lang.AssertionError" message="WildFire Cart expected:&amp;lt;WildFire Cart&amp;gt; but was:&amp;lt;Title of &amp;quot;WildFire Cart&amp;quot; Didnot found&amp;gt;">
      <![CDATA[java.lang.AssertionError: WildFire Cart expected:<WildFire Cart> but was:<Title of "WildFire Cart" Didnot found>
at com.mco.tests.LoginPageTest.loginPageTitleTest(LoginPageTest.java:35)
at java.base/java.util.ArrayList.forEach(ArrayList.java:1511)
... Removed 28 stack frames]]>
    </failure>
  </testcase> <!-- loginPageTitleTest -->
  <testcase classname="com.mco.tests.LoginPageTest" name="loginLogoTest" time="0.089"/>
  <testcase classname="com.mco.tests.LoginPageTest" name="loginTest" time="0.656"/>
  <testcase classname="com.mco.tests.LoginPageTest" name="curentUserNameTest" time="1.652"/>
</testsuite> <!-- Test -->
