<?xml version="1.0" encoding="UTF-8"?>
<!-- Generated by org.testng.reporters.JUnitXMLReporter -->
<testsuite ignored="0" hostname="khosruzs-MBP.lan" failures="0" tests="6" name="Sanity test" time="30.421" errors="0" timestamp="2021-04-06T12:24:58 EDT">
  <testcase classname="com.mco.tests.HomePageTest" name="pageTitleTest" time="0.054"/>
  <testcase classname="com.mco.tests.HomePageTest" name="loginSourceButtonTest" time="0.146"/>
  <testcase classname="com.mco.tests.HomePageTest" name="aboutUsLinkTest" time="0.506"/>
  <testcase classname="com.mco.tests.HomePageTest" name="contactUsLinkTest" time="0.484"/>
  <testcase classname="com.mco.tests.HomePageTest" name="viewCartLinkTest" time="0.432"/>
  <testcase classname="com.mco.tests.HomePageTest" name="curencyListTest" time="0.661"/>
</testsuite> <!-- Sanity test -->
