<?xml version="1.0" encoding="UTF-8"?>
<testsuite xmlns:xsi="http://www.w3.org/2001/XMLSchema-instance" xsi:noNamespaceSchemaLocation="https://maven.apache.org/surefire/maven-surefire-plugin/xsd/surefire-test-report-3.0.xsd" version="3.0" name="TestSuite" time="3.881" tests="18" errors="0" skipped="17" failures="1">
  <properties>
[...]
</properties>
  <testcase name="setUp" classname="com.mco.tests.HomePageTest" time="2.918">
    <failure message="session not created: This version of ChromeDriver only supports Chrome version 96&#10;Current browser version is 98.0.4758.102 with binary path /Applications/Google Chrome.app/Contents/MacOS/Google Chrome&#10;Build info: version: &apos;3.141.59&apos;, revision: &apos;e82be7d358&apos;, time: &apos;2018-11-14T08:17:03&apos;&#10;System info: host: &apos;khosruzs-MBP.lan&apos;, ip: &apos;2603:7000:ac00:531d:0:0:0:1fc5%en0&apos;, os.name: &apos;Mac OS X&apos;, os.arch: &apos;x86_64&apos;, os.version: &apos;10.16&apos;, java.version: &apos;1.8.0_271&apos;&#10;Driver info: driver.version: ChromeDriver&#10;remote stacktrace: 0   chromedriver                        0x0000000100b65408 __gxx_personality_v0 + 543364&#10;1   chromedriver                        0x0000000100afb138 __gxx_personality_v0 + 108468&#10;2   chromedriver                        0x00000001006fa7d8 chromedriver + 157656&#10;3   chromedriver                        0x000000010071cb88 chromedriver + 297864&#10;4   chromedriver                        0x0000000100719608 chromedriver + 284168&#10;5   chromedriver                        0x0000000100716624 chromedriver + 271908&#10;6   chromedriver                        0x0000000100747e24 chromedriver + 474660&#10;7   chromedriver                        0x000000010071f238 chromedriver + 307768&#10;8   chromedriver                        0x0000000100b28c7c __gxx_personality_v0 + 295672&#10;9   chromedriver                        0x0000000100b3cbd8 __gxx_personality_v0 + 377428&#10;10  chromedriver                        0x0000000100b412b0 __gxx_personality_v0 + 395564&#10;11  chromedriver                        0x0000000100b3d9f8 __gxx_personality_v0 + 381044&#10;12  chromedriver                        0x0000000100b1e754 __gxx_personality_v0 + 253392&#10;13  chromedriver                        0x0000000100b56a38 __gxx_personality_v0 + 483508&#10;14  chromedriver                        0x0000000100b56bac __gxx_personality_v0 + 483880&#10;15  chromedriver                        0x0000000100b6bfec __gxx_personality_v0 + 570984&#10;16  libsystem_pthread.dylib             0x000000019d341240 _pthread_start + 148&#10;17  libsystem_pthread.dylib             0x000000019d33c024 thread_start + 8&#10;" type="org.openqa.selenium.SessionNotCreatedException"><![CDATA[org.openqa.selenium.SessionNotCreatedException: 
session not created: This version of ChromeDriver only supports Chrome version 96
Current browser version is 98.0.4758.102 with binary path /Applications/Google Chrome.app/Contents/MacOS/Google Chrome
Build info: version: '3.141.59', revision: 'e82be7d358', time: '2018-11-14T08:17:03'
System info: host: 'khosruzs-MBP.lan', ip: '2603:7000:ac00:531d:0:0:0:1fc5%en0', os.name: 'Mac OS X', os.arch: 'x86_64', os.version: '10.16', java.version: '1.8.0_271'
Driver info: driver.version: ChromeDriver
remote stacktrace: 0   chromedriver                        0x0000000100b65408 __gxx_personality_v0 + 543364
1   chromedriver                        0x0000000100afb138 __gxx_personality_v0 + 108468
2   chromedriver                        0x00000001006fa7d8 chromedriver + 157656
3   chromedriver                        0x000000010071cb88 chromedriver + 297864
4   chromedriver                        0x0000000100719608 chromedriver + 284168
5   chromedriver                        0x0000000100716624 chromedriver + 271908
6   chromedriver                        0x0000000100747e24 chromedriver + 474660
7   chromedriver                        0x000000010071f238 chromedriver + 307768
8   chromedriver                        0x0000000100b28c7c __gxx_personality_v0 + 295672
9   chromedriver                        0x0000000100b3cbd8 __gxx_personality_v0 + 377428
10  chromedriver                        0x0000000100b412b0 __gxx_personality_v0 + 395564
11  chromedriver                        0x0000000100b3d9f8 __gxx_personality_v0 + 381044
12  chromedriver                        0x0000000100b1e754 __gxx_personality_v0 + 253392
13  chromedriver                        0x0000000100b56a38 __gxx_personality_v0 + 483508
14  chromedriver                        0x0000000100b56bac __gxx_personality_v0 + 483880
15  chromedriver                        0x0000000100b6bfec __gxx_personality_v0 + 570984
16  libsystem_pthread.dylib             0x000000019d341240 _pthread_start + 148
17  libsystem_pthread.dylib             0x000000019d33c024 thread_start + 8

	at com.mco.tests.HomePageTest.setUp(HomePageTest.java:21)
]]></failure>
    <system-err><![CDATA[Starting ChromeDriver 96.0.4664.45 (76e4c1bb2ab4671b8beba3444e61c0f17584b2fc-refs/branch-heads/4664@{#947}) on port 6342
Only local connections are allowed.
Please see https://chromedriver.chromium.org/security-considerations for suggestions on keeping ChromeDriver safe.
ChromeDriver was started successfully.
]]></system-err>
  </testcase>
  <testcase name="setUp" classname="com.mco.tests.HomePageTest" time="0">
    <skipped/>
  </testcase>
  <testcase name="setUp" classname="com.mco.tests.HomePageTest" time="0">
    <skipped/>
  </testcase>
  <testcase name="setUp" classname="com.mco.tests.HomePageTest" time="0">
    <skipped/>
  </testcase>
  <testcase name="setUp" classname="com.mco.tests.HomePageTest" time="0">
    <skipped/>
  </testcase>
  <testcase name="setUp" classname="com.mco.tests.HomePageTest" time="0">
    <skipped/>
  </testcase>
  <testcase name="pageTitleTest" classname="com.mco.tests.HomePageTest" time="0">
    <skipped message="session not created: This version of ChromeDriver only supports Chrome version 96&#10;Current browser version is 98.0.4758.102 with binary path /Applications/Google Chrome.app/Contents/MacOS/Google Chrome&#10;Build info: version: &apos;3.141.59&apos;, revision: &apos;e82be7d358&apos;, time: &apos;2018-11-14T08:17:03&apos;&#10;System info: host: &apos;khosruzs-MBP.lan&apos;, ip: &apos;2603:7000:ac00:531d:0:0:0:1fc5%en0&apos;, os.name: &apos;Mac OS X&apos;, os.arch: &apos;x86_64&apos;, os.version: &apos;10.16&apos;, java.version: &apos;1.8.0_271&apos;&#10;Driver info: driver.version: ChromeDriver&#10;remote stacktrace: 0   chromedriver                        0x0000000100b65408 __gxx_personality_v0 + 543364&#10;1   chromedriver                        0x0000000100afb138 __gxx_personality_v0 + 108468&#10;2   chromedriver                        0x00000001006fa7d8 chromedriver + 157656&#10;3   chromedriver                        0x000000010071cb88 chromedriver + 297864&#10;4   chromedriver                        0x0000000100719608 chromedriver + 284168&#10;5   chromedriver                        0x0000000100716624 chromedriver + 271908&#10;6   chromedriver                        0x0000000100747e24 chromedriver + 474660&#10;7   chromedriver                        0x000000010071f238 chromedriver + 307768&#10;8   chromedriver                        0x0000000100b28c7c __gxx_personality_v0 + 295672&#10;9   chromedriver                        0x0000000100b3cbd8 __gxx_personality_v0 + 377428&#10;10  chromedriver                        0x0000000100b412b0 __gxx_personality_v0 + 395564&#10;11  chromedriver                        0x0000000100b3d9f8 __gxx_personality_v0 + 381044&#10;12  chromedriver                        0x0000000100b1e754 __gxx_personality_v0 + 253392&#10;13  chromedriver                        0x0000000100b56a38 __gxx_personality_v0 + 483508&#10;14  chromedriver                        0x0000000100b56bac __gxx_personality_v0 + 483880&#10;15  chromedriver                        0x0000000100b6bfec __gxx_personality_v0 + 570984&#10;16  libsystem_pthread.dylib             0x000000019d341240 _pthread_start + 148&#10;17  libsystem_pthread.dylib             0x000000019d33c024 thread_start + 8&#10;"/>
  </testcase>
  <testcase name="tearDown" classname="com.mco.tests.HomePageTest" time="0">
    <skipped/>
  </testcase>
  <testcase name="tearDown" classname="com.mco.tests.HomePageTest" time="0">
    <skipped/>
  </testcase>
  <testcase name="tearDown" classname="com.mco.tests.HomePageTest" time="0">
    <skipped/>
  </testcase>
  <testcase name="tearDown" classname="com.mco.tests.HomePageTest" time="0">
    <skipped/>
  </testcase>
  <testcase name="tearDown" classname="com.mco.tests.HomePageTest" time="0">
    <skipped/>
  </testcase>
  <testcase name="tearDown" classname="com.mco.tests.HomePageTest" time="0">
    <skipped/>
  </testcase>
  <testcase name="loginSourceButtonTest" classname="com.mco.tests.HomePageTest" time="0">
    <skipped message="session not created: This version of ChromeDriver only supports Chrome version 96&#10;Current browser version is 98.0.4758.102 with binary path /Applications/Google Chrome.app/Contents/MacOS/Google Chrome&#10;Build info: version: &apos;3.141.59&apos;, revision: &apos;e82be7d358&apos;, time: &apos;2018-11-14T08:17:03&apos;&#10;System info: host: &apos;khosruzs-MBP.lan&apos;, ip: &apos;2603:7000:ac00:531d:0:0:0:1fc5%en0&apos;, os.name: &apos;Mac OS X&apos;, os.arch: &apos;x86_64&apos;, os.version: &apos;10.16&apos;, java.version: &apos;1.8.0_271&apos;&#10;Driver info: driver.version: ChromeDriver&#10;remote stacktrace: 0   chromedriver                        0x0000000100b65408 __gxx_personality_v0 + 543364&#10;1   chromedriver                        0x0000000100afb138 __gxx_personality_v0 + 108468&#10;2   chromedriver                        0x00000001006fa7d8 chromedriver + 157656&#10;3   chromedriver                        0x000000010071cb88 chromedriver + 297864&#10;4   chromedriver                        0x0000000100719608 chromedriver + 284168&#10;5   chromedriver                        0x0000000100716624 chromedriver + 271908&#10;6   chromedriver                        0x0000000100747e24 chromedriver + 474660&#10;7   chromedriver                        0x000000010071f238 chromedriver + 307768&#10;8   chromedriver                        0x0000000100b28c7c __gxx_personality_v0 + 295672&#10;9   chromedriver                        0x0000000100b3cbd8 __gxx_personality_v0 + 377428&#10;10  chromedriver                        0x0000000100b412b0 __gxx_personality_v0 + 395564&#10;11  chromedriver                        0x0000000100b3d9f8 __gxx_personality_v0 + 381044&#10;12  chromedriver                        0x0000000100b1e754 __gxx_personality_v0 + 253392&#10;13  chromedriver                        0x0000000100b56a38 __gxx_personality_v0 + 483508&#10;14  chromedriver                        0x0000000100b56bac __gxx_personality_v0 + 483880&#10;15  chromedriver                        0x0000000100b6bfec __gxx_personality_v0 + 570984&#10;16  libsystem_pthread.dylib             0x000000019d341240 _pthread_start + 148&#10;17  libsystem_pthread.dylib             0x000000019d33c024 thread_start + 8&#10;"/>
  </testcase>
  <testcase name="aboutUsLinkTest" classname="com.mco.tests.HomePageTest" time="0">
    <skipped message="session not created: This version of ChromeDriver only supports Chrome version 96&#10;Current browser version is 98.0.4758.102 with binary path /Applications/Google Chrome.app/Contents/MacOS/Google Chrome&#10;Build info: version: &apos;3.141.59&apos;, revision: &apos;e82be7d358&apos;, time: &apos;2018-11-14T08:17:03&apos;&#10;System info: host: &apos;khosruzs-MBP.lan&apos;, ip: &apos;2603:7000:ac00:531d:0:0:0:1fc5%en0&apos;, os.name: &apos;Mac OS X&apos;, os.arch: &apos;x86_64&apos;, os.version: &apos;10.16&apos;, java.version: &apos;1.8.0_271&apos;&#10;Driver info: driver.version: ChromeDriver&#10;remote stacktrace: 0   chromedriver                        0x0000000100b65408 __gxx_personality_v0 + 543364&#10;1   chromedriver                        0x0000000100afb138 __gxx_personality_v0 + 108468&#10;2   chromedriver                        0x00000001006fa7d8 chromedriver + 157656&#10;3   chromedriver                        0x000000010071cb88 chromedriver + 297864&#10;4   chromedriver                        0x0000000100719608 chromedriver + 284168&#10;5   chromedriver                        0x0000000100716624 chromedriver + 271908&#10;6   chromedriver                        0x0000000100747e24 chromedriver + 474660&#10;7   chromedriver                        0x000000010071f238 chromedriver + 307768&#10;8   chromedriver                        0x0000000100b28c7c __gxx_personality_v0 + 295672&#10;9   chromedriver                        0x0000000100b3cbd8 __gxx_personality_v0 + 377428&#10;10  chromedriver                        0x0000000100b412b0 __gxx_personality_v0 + 395564&#10;11  chromedriver                        0x0000000100b3d9f8 __gxx_personality_v0 + 381044&#10;12  chromedriver                        0x0000000100b1e754 __gxx_personality_v0 + 253392&#10;13  chromedriver                        0x0000000100b56a38 __gxx_personality_v0 + 483508&#10;14  chromedriver                        0x0000000100b56bac __gxx_personality_v0 + 483880&#10;15  chromedriver                        0x0000000100b6bfec __gxx_personality_v0 + 570984&#10;16  libsystem_pthread.dylib             0x000000019d341240 _pthread_start + 148&#10;17  libsystem_pthread.dylib             0x000000019d33c024 thread_start + 8&#10;"/>
  </testcase>
  <testcase name="contactUsLinkTest" classname="com.mco.tests.HomePageTest" time="0">
    <skipped message="session not created: This version of ChromeDriver only supports Chrome version 96&#10;Current browser version is 98.0.4758.102 with binary path /Applications/Google Chrome.app/Contents/MacOS/Google Chrome&#10;Build info: version: &apos;3.141.59&apos;, revision: &apos;e82be7d358&apos;, time: &apos;2018-11-14T08:17:03&apos;&#10;System info: host: &apos;khosruzs-MBP.lan&apos;, ip: &apos;2603:7000:ac00:531d:0:0:0:1fc5%en0&apos;, os.name: &apos;Mac OS X&apos;, os.arch: &apos;x86_64&apos;, os.version: &apos;10.16&apos;, java.version: &apos;1.8.0_271&apos;&#10;Driver info: driver.version: ChromeDriver&#10;remote stacktrace: 0   chromedriver                        0x0000000100b65408 __gxx_personality_v0 + 543364&#10;1   chromedriver                        0x0000000100afb138 __gxx_personality_v0 + 108468&#10;2   chromedriver                        0x00000001006fa7d8 chromedriver + 157656&#10;3   chromedriver                        0x000000010071cb88 chromedriver + 297864&#10;4   chromedriver                        0x0000000100719608 chromedriver + 284168&#10;5   chromedriver                        0x0000000100716624 chromedriver + 271908&#10;6   chromedriver                        0x0000000100747e24 chromedriver + 474660&#10;7   chromedriver                        0x000000010071f238 chromedriver + 307768&#10;8   chromedriver                        0x0000000100b28c7c __gxx_personality_v0 + 295672&#10;9   chromedriver                        0x0000000100b3cbd8 __gxx_personality_v0 + 377428&#10;10  chromedriver                        0x0000000100b412b0 __gxx_personality_v0 + 395564&#10;11  chromedriver                        0x0000000100b3d9f8 __gxx_personality_v0 + 381044&#10;12  chromedriver                        0x0000000100b1e754 __gxx_personality_v0 + 253392&#10;13  chromedriver                        0x0000000100b56a38 __gxx_personality_v0 + 483508&#10;14  chromedriver                        0x0000000100b56bac __gxx_personality_v0 + 483880&#10;15  chromedriver                        0x0000000100b6bfec __gxx_personality_v0 + 570984&#10;16  libsystem_pthread.dylib             0x000000019d341240 _pthread_start + 148&#10;17  libsystem_pthread.dylib             0x000000019d33c024 thread_start + 8&#10;"/>
  </testcase>
  <testcase name="viewCartLinkTest" classname="com.mco.tests.HomePageTest" time="0">
    <skipped message="session not created: This version of ChromeDriver only supports Chrome version 96&#10;Current browser version is 98.0.4758.102 with binary path /Applications/Google Chrome.app/Contents/MacOS/Google Chrome&#10;Build info: version: &apos;3.141.59&apos;, revision: &apos;e82be7d358&apos;, time: &apos;2018-11-14T08:17:03&apos;&#10;System info: host: &apos;khosruzs-MBP.lan&apos;, ip: &apos;2603:7000:ac00:531d:0:0:0:1fc5%en0&apos;, os.name: &apos;Mac OS X&apos;, os.arch: &apos;x86_64&apos;, os.version: &apos;10.16&apos;, java.version: &apos;1.8.0_271&apos;&#10;Driver info: driver.version: ChromeDriver&#10;remote stacktrace: 0   chromedriver                        0x0000000100b65408 __gxx_personality_v0 + 543364&#10;1   chromedriver                        0x0000000100afb138 __gxx_personality_v0 + 108468&#10;2   chromedriver                        0x00000001006fa7d8 chromedriver + 157656&#10;3   chromedriver                        0x000000010071cb88 chromedriver + 297864&#10;4   chromedriver                        0x0000000100719608 chromedriver + 284168&#10;5   chromedriver                        0x0000000100716624 chromedriver + 271908&#10;6   chromedriver                        0x0000000100747e24 chromedriver + 474660&#10;7   chromedriver                        0x000000010071f238 chromedriver + 307768&#10;8   chromedriver                        0x0000000100b28c7c __gxx_personality_v0 + 295672&#10;9   chromedriver                        0x0000000100b3cbd8 __gxx_personality_v0 + 377428&#10;10  chromedriver                        0x0000000100b412b0 __gxx_personality_v0 + 395564&#10;11  chromedriver                        0x0000000100b3d9f8 __gxx_personality_v0 + 381044&#10;12  chromedriver                        0x0000000100b1e754 __gxx_personality_v0 + 253392&#10;13  chromedriver                        0x0000000100b56a38 __gxx_personality_v0 + 483508&#10;14  chromedriver                        0x0000000100b56bac __gxx_personality_v0 + 483880&#10;15  chromedriver                        0x0000000100b6bfec __gxx_personality_v0 + 570984&#10;16  libsystem_pthread.dylib             0x000000019d341240 _pthread_start + 148&#10;17  libsystem_pthread.dylib             0x000000019d33c024 thread_start + 8&#10;"/>
  </testcase>
  <testcase name="curencyListTest" classname="com.mco.tests.HomePageTest" time="0">
    <skipped message="session not created: This version of ChromeDriver only supports Chrome version 96&#10;Current browser version is 98.0.4758.102 with binary path /Applications/Google Chrome.app/Contents/MacOS/Google Chrome&#10;Build info: version: &apos;3.141.59&apos;, revision: &apos;e82be7d358&apos;, time: &apos;2018-11-14T08:17:03&apos;&#10;System info: host: &apos;khosruzs-MBP.lan&apos;, ip: &apos;2603:7000:ac00:531d:0:0:0:1fc5%en0&apos;, os.name: &apos;Mac OS X&apos;, os.arch: &apos;x86_64&apos;, os.version: &apos;10.16&apos;, java.version: &apos;1.8.0_271&apos;&#10;Driver info: driver.version: ChromeDriver&#10;remote stacktrace: 0   chromedriver                        0x0000000100b65408 __gxx_personality_v0 + 543364&#10;1   chromedriver                        0x0000000100afb138 __gxx_personality_v0 + 108468&#10;2   chromedriver                        0x00000001006fa7d8 chromedriver + 157656&#10;3   chromedriver                        0x000000010071cb88 chromedriver + 297864&#10;4   chromedriver                        0x0000000100719608 chromedriver + 284168&#10;5   chromedriver                        0x0000000100716624 chromedriver + 271908&#10;6   chromedriver                        0x0000000100747e24 chromedriver + 474660&#10;7   chromedriver                        0x000000010071f238 chromedriver + 307768&#10;8   chromedriver                        0x0000000100b28c7c __gxx_personality_v0 + 295672&#10;9   chromedriver                        0x0000000100b3cbd8 __gxx_personality_v0 + 377428&#10;10  chromedriver                        0x0000000100b412b0 __gxx_personality_v0 + 395564&#10;11  chromedriver                        0x0000000100b3d9f8 __gxx_personality_v0 + 381044&#10;12  chromedriver                        0x0000000100b1e754 __gxx_personality_v0 + 253392&#10;13  chromedriver                        0x0000000100b56a38 __gxx_personality_v0 + 483508&#10;14  chromedriver                        0x0000000100b56bac __gxx_personality_v0 + 483880&#10;15  chromedriver                        0x0000000100b6bfec __gxx_personality_v0 + 570984&#10;16  libsystem_pthread.dylib             0x000000019d341240 _pthread_start + 148&#10;17  libsystem_pthread.dylib             0x000000019d33c024 thread_start + 8&#10;"/>
  </testcase>
</testsuite>